<?xml version="1.0" encoding="UTF-8"?>
<beans xmlns="http://www.springframework.org/schema/beans"
       xmlns:xsi="http://www.w3.org/2001/XMLSchema-instance"
       xmlns:os-core="http://www.openspaces.org/schema/core"
       xsi:schemaLocation="http://www.springframework.org/schema/beans http://www.springframework.org/schema/beans/spring-beans-4.1.xsd
       http://www.openspaces.org/schema/core http://www.openspaces.org/schema/10.0/core/openspaces-core.xsd">
 
    <bean id="propertiesConfigurer" class="org.springframework.beans.factory.config.PropertyPlaceholderConfigurer">
        <property name="properties">
            <props>
                <prop key="db.host">10.8.1.63</prop>
                <prop key="db.port">1433</prop>
                <prop key="db.name">TestDB2</prop>
                <prop key="db.username">test</prop>
                <prop key="db.password">default1A</prop>
            </props>
        </property>
    </bean>

    <bean id="dataSource" class="org.apache.commons.dbcp.BasicDataSource" destroy-method="close">
        <property name="driverClassName" value="com.microsoft.sqlserver.jdbc.SQLServerDriver"/>
        <property name="url" value="jdbc:sqlserver://${db.host}:${db.port};databaseName=${db.name};integratedSecurity=false"/>
        <property name="username" value="${db.username}"/>
        <property name="password" value="${db.password}"/>
    </bean>

    <!--
        Hibernate SessionFactory bean. Uses the pooled data source to connect to the database.
    -->
    <bean id="sessionFactory" class="org.springframework.orm.hibernate4.LocalSessionFactoryBean">
        <property name="dataSource" ref="dataSource"/>
        <property name="packagesToScan" value="com.gigaspaces.gigapro.source,com.gigaspaces.gigapro.destination" />
        <property name="hibernateProperties">
            <props>
                <prop key="hibernate.default_schema">dbo</prop>
                <prop key="hibernate.dialect">org.hibernate.dialect.SQLServer2008Dialect</prop>
                <prop key="hibernate.cache.provider_class">org.hibernate.cache.NoCacheProvider</prop>
                <prop key="hibernate.cache.use_second_level_cache">false</prop>
                <prop key="hibernate.cache.use_query_cache">false</prop>
                <prop key="hibernate.hbm2ddl.auto">update</prop>
                <prop key="hibernate.show_sql">true</prop>
                <prop key="hibernate.format_sql">true</prop>
            </props>
        </property>
    </bean>
    
  <os-core:space id="srcSpace" url="jini://*/*/NYSpace?groups=gigaspaces-10.1.1-XAPPremium-ga"/>
  <os-core:giga-space id="sourceSpace" space="srcSpace"/>

  <os-core:space id="destSpace" url="jini://*/*/LondonSpace?groups=gigaspaces-10.1.1-XAPPremium-ga"/>
  <os-core:giga-space id="destinationSpace" space="destSpace"/>
</beans>